[2026-01-05T15:47:28.639+0000] {manager.py:470} INFO - Processing files using up to 2 processes at a time 
[2026-01-05T15:47:28.640+0000] {manager.py:471} INFO - Process each file at most once every 30 seconds
[2026-01-05T15:47:28.640+0000] {manager.py:472} INFO - Checking for new files in /opt/airflow/dags every 300 seconds
[2026-01-05T15:47:28.641+0000] {manager.py:737} INFO - Searching for files in /opt/airflow/dags
[2026-01-05T15:47:28.643+0000] {manager.py:740} INFO - There are 0 files in /opt/airflow/dags
[2026-01-05T15:52:29.029+0000] {manager.py:737} INFO - Searching for files in /opt/airflow/dags
[2026-01-05T15:52:29.031+0000] {manager.py:740} INFO - There are 0 files in /opt/airflow/dags
[2026-01-05T15:57:30.819+0000] {manager.py:737} INFO - Searching for files in /opt/airflow/dags
[2026-01-05T15:57:30.821+0000] {manager.py:740} INFO - There are 0 files in /opt/airflow/dags
[2026-01-05T16:02:31.608+0000] {manager.py:737} INFO - Searching for files in /opt/airflow/dags
[2026-01-05T16:02:31.610+0000] {manager.py:740} INFO - There are 0 files in /opt/airflow/dags
[2026-01-05T16:07:32.113+0000] {manager.py:737} INFO - Searching for files in /opt/airflow/dags
[2026-01-05T16:07:32.115+0000] {manager.py:740} INFO - There are 0 files in /opt/airflow/dags
[2026-01-05T16:15:17.900+0000] {manager.py:737} INFO - Searching for files in /opt/airflow/dags
[2026-01-05T16:15:17.902+0000] {manager.py:740} INFO - There are 0 files in /opt/airflow/dags
[2026-01-05T16:18:07.023+0000] {manager.py:470} INFO - Processing files using up to 2 processes at a time 
[2026-01-05T16:18:07.024+0000] {manager.py:471} INFO - Process each file at most once every 30 seconds
[2026-01-05T16:18:07.025+0000] {manager.py:472} INFO - Checking for new files in /opt/airflow/dags every 300 seconds
[2026-01-05T16:18:07.025+0000] {manager.py:737} INFO - Searching for files in /opt/airflow/dags
[2026-01-05T16:18:07.028+0000] {manager.py:740} INFO - There are 0 files in /opt/airflow/dags
[2026-01-05T16:23:07.722+0000] {manager.py:737} INFO - Searching for files in /opt/airflow/dags
[2026-01-05T16:23:07.724+0000] {manager.py:740} INFO - There are 0 files in /opt/airflow/dags
[2026-01-05T16:23:41.915+0000] {manager.py:452} INFO - Exiting gracefully upon receiving signal 15
[2026-01-05T16:23:55.930+0000] {manager.py:470} INFO - Processing files using up to 2 processes at a time 
[2026-01-05T16:23:55.931+0000] {manager.py:471} INFO - Process each file at most once every 30 seconds
[2026-01-05T16:23:55.931+0000] {manager.py:472} INFO - Checking for new files in /opt/airflow/dags every 300 seconds
[2026-01-05T16:23:55.932+0000] {manager.py:737} INFO - Searching for files in /opt/airflow/dags
[2026-01-05T16:23:55.934+0000] {manager.py:740} INFO - There are 0 files in /opt/airflow/dags
[2026-01-05T16:28:56.325+0000] {manager.py:737} INFO - Searching for files in /opt/airflow/dags
[2026-01-05T16:28:56.327+0000] {manager.py:740} INFO - There are 0 files in /opt/airflow/dags
[2026-01-05T16:33:56.477+0000] {manager.py:737} INFO - Searching for files in /opt/airflow/dags
[2026-01-05T16:33:56.480+0000] {manager.py:740} INFO - There are 0 files in /opt/airflow/dags
[2026-01-05T16:38:57.115+0000] {manager.py:737} INFO - Searching for files in /opt/airflow/dags
[2026-01-05T16:38:57.117+0000] {manager.py:740} INFO - There are 0 files in /opt/airflow/dags
[2026-01-05T16:43:57.772+0000] {manager.py:737} INFO - Searching for files in /opt/airflow/dags
[2026-01-05T16:43:57.775+0000] {manager.py:740} INFO - There are 0 files in /opt/airflow/dags
[2026-01-05T16:48:57.908+0000] {manager.py:737} INFO - Searching for files in /opt/airflow/dags
[2026-01-05T16:48:57.910+0000] {manager.py:740} INFO - There are 0 files in /opt/airflow/dags
[2026-01-05T16:53:58.083+0000] {manager.py:737} INFO - Searching for files in /opt/airflow/dags
[2026-01-05T16:53:58.086+0000] {manager.py:740} INFO - There are 0 files in /opt/airflow/dags
[2026-01-05T16:58:59.041+0000] {manager.py:737} INFO - Searching for files in /opt/airflow/dags
[2026-01-05T16:58:59.044+0000] {manager.py:740} INFO - There are 0 files in /opt/airflow/dags
[2026-01-05T17:03:59.678+0000] {manager.py:737} INFO - Searching for files in /opt/airflow/dags
[2026-01-05T17:03:59.681+0000] {manager.py:740} INFO - There are 0 files in /opt/airflow/dags
[2026-01-05T17:09:00.319+0000] {manager.py:737} INFO - Searching for files in /opt/airflow/dags
[2026-01-05T17:09:00.321+0000] {manager.py:740} INFO - There are 0 files in /opt/airflow/dags
[2026-01-05T17:14:00.869+0000] {manager.py:737} INFO - Searching for files in /opt/airflow/dags
[2026-01-05T17:14:00.871+0000] {manager.py:740} INFO - There are 0 files in /opt/airflow/dags
[2026-01-05T17:19:01.026+0000] {manager.py:737} INFO - Searching for files in /opt/airflow/dags
[2026-01-05T17:19:01.029+0000] {manager.py:740} INFO - There are 0 files in /opt/airflow/dags
[2026-01-05T17:24:01.291+0000] {manager.py:737} INFO - Searching for files in /opt/airflow/dags
[2026-01-05T17:24:01.293+0000] {manager.py:740} INFO - There are 0 files in /opt/airflow/dags
